TN:
SF:C:\Users\Admin\Pavithra\Example\app.js
FN:17,(anonymous_0)
FN:23,(anonymous_1)
FNF:2
FNH:2
FNDA:1,(anonymous_0)
FNDA:1,(anonymous_1)
DA:1,1
DA:2,1
DA:3,1
DA:6,1
DA:7,1
DA:8,1
DA:10,1
DA:11,1
DA:13,1
DA:15,1
DA:17,1
DA:18,1
DA:22,1
DA:23,1
DA:24,1
DA:26,1
LF:16
LH:16
BRDA:22,0,0,1
BRDA:22,0,1,1
BRF:2
BRH:2
end_of_record
TN:
SF:C:\Users\Admin\Pavithra\Example\config.js
FNF:0
FNH:0
DA:1,1
LF:1
LH:1
BRF:0
BRH:0
end_of_record
TN:
SF:C:\Users\Admin\Pavithra\Example\auth\authcontroller.js
FN:28,(anonymous_0)
FN:44,(anonymous_1)
FN:51,(anonymous_2)
FN:59,(anonymous_3)
FN:60,(anonymous_4)
FNF:5
FNH:5
FNDA:3,(anonymous_0)
FNDA:3,(anonymous_1)
FNDA:2,(anonymous_2)
FNDA:3,(anonymous_3)
FNDA:3,(anonymous_4)
DA:1,1
DA:2,1
DA:3,1
DA:4,1
DA:5,1
DA:6,1
DA:7,1
DA:8,1
DA:9,1
DA:10,1
DA:11,1
DA:12,1
DA:13,1
DA:15,1
DA:16,1
DA:17,1
DA:18,1
DA:19,1
DA:21,1
DA:22,1
DA:24,1
DA:25,1
DA:26,1
DA:28,1
DA:30,3
DA:44,3
DA:45,3
DA:47,3
DA:48,1
DA:51,2
DA:52,2
DA:53,1
DA:59,1
DA:60,3
DA:61,3
DA:63,2
DA:64,2
DA:66,1
DA:70,1
DA:73,1
LF:40
LH:40
BRDA:47,0,0,1
BRDA:47,0,1,2
BRDA:52,1,0,1
BRDA:52,1,1,1
BRDA:61,2,0,1
BRDA:61,2,1,2
BRDA:64,3,0,1
BRDA:64,3,1,1
BRF:8
BRH:8
end_of_record
TN:
SF:C:\Users\Admin\Pavithra\Example\auth\verifyToken.js
FN:4,(anonymous_0)
FNF:1
FNH:1
FNDA:40,(anonymous_0)
DA:1,1
DA:2,1
DA:4,1
DA:5,40
DA:6,40
DA:8,25
DA:9,25
DA:10,25
DA:12,15
LF:9
LH:9
BRF:0
BRH:0
end_of_record
TN:
SF:C:\Users\Admin\Pavithra\Example\controllers\controller.js
FN:17,(anonymous_0)
FN:19,(anonymous_1)
FN:23,(anonymous_2)
FN:27,(anonymous_3)
FN:36,(anonymous_4)
FN:46,(anonymous_5)
FN:54,(anonymous_6)
FN:69,(anonymous_7)
FN:76,(anonymous_8)
FN:85,(anonymous_9)
FN:100,(anonymous_10)
FN:106,(anonymous_11)
FN:129,(anonymous_12)
FN:135,(anonymous_13)
FN:159,(anonymous_14)
FN:165,(anonymous_15)
FN:177,(anonymous_16)
FN:180,(anonymous_17)
FN:188,(anonymous_18)
FN:198,(anonymous_19)
FNF:20
FNH:20
FNDA:1,(anonymous_0)
FNDA:1,(anonymous_1)
FNDA:6,(anonymous_2)
FNDA:2,(anonymous_3)
FNDA:2,(anonymous_4)
FNDA:2,(anonymous_5)
FNDA:3,(anonymous_6)
FNDA:3,(anonymous_7)
FNDA:2,(anonymous_8)
FNDA:9,(anonymous_9)
FNDA:3,(anonymous_10)
FNDA:2,(anonymous_11)
FNDA:3,(anonymous_12)
FNDA:2,(anonymous_13)
FNDA:3,(anonymous_14)
FNDA:2,(anonymous_15)
FNDA:6,(anonymous_16)
FNDA:2,(anonymous_17)
FNDA:2,(anonymous_18)
FNDA:2,(anonymous_19)
DA:1,1
DA:2,1
DA:3,1
DA:4,1
DA:6,1
DA:7,1
DA:8,1
DA:9,1
DA:10,1
DA:11,1
DA:12,1
DA:13,1
DA:14,1
DA:15,1
DA:17,1
DA:19,1
DA:20,1
DA:23,1
DA:25,6
DA:27,2
DA:28,2
DA:29,1
DA:31,1
DA:34,4
DA:36,2
DA:37,2
DA:38,1
DA:40,1
DA:44,2
DA:46,2
DA:47,2
DA:48,1
DA:50,1
DA:54,1
DA:56,3
DA:69,3
DA:70,3
DA:71,3
DA:72,1
DA:76,2
DA:77,2
DA:78,1
DA:80,1
DA:85,1
DA:87,9
DA:88,3
DA:100,3
DA:101,3
DA:102,3
DA:103,1
DA:106,2
DA:107,2
DA:108,1
DA:110,1
DA:116,6
DA:117,3
DA:129,3
DA:130,3
DA:131,3
DA:132,1
DA:135,2
DA:136,2
DA:137,1
DA:139,1
DA:146,3
DA:147,3
DA:159,3
DA:160,3
DA:161,3
DA:162,1
DA:165,2
DA:166,2
DA:167,1
DA:169,1
DA:177,1
DA:179,6
DA:180,2
DA:181,2
DA:182,1
DA:184,1
DA:187,4
DA:188,2
DA:189,2
DA:190,1
DA:193,1
DA:197,2
DA:198,2
DA:199,2
DA:200,1
DA:203,1
DA:208,1
LF:91
LH:91
BRDA:25,0,0,2
BRDA:25,0,1,4
BRDA:28,1,0,1
BRDA:28,1,1,1
BRDA:34,2,0,2
BRDA:34,2,1,2
BRDA:37,3,0,1
BRDA:37,3,1,1
BRDA:44,4,0,2
BRDA:44,4,1,0
BRDA:47,5,0,1
BRDA:47,5,1,1
BRDA:71,6,0,1
BRDA:71,6,1,2
BRDA:77,7,0,1
BRDA:77,7,1,1
BRDA:87,8,0,3
BRDA:87,8,1,6
BRDA:102,9,0,1
BRDA:102,9,1,2
BRDA:107,10,0,1
BRDA:107,10,1,1
BRDA:116,11,0,3
BRDA:116,11,1,3
BRDA:131,12,0,1
BRDA:131,12,1,2
BRDA:136,13,0,1
BRDA:136,13,1,1
BRDA:146,14,0,3
BRDA:146,14,1,0
BRDA:161,15,0,1
BRDA:161,15,1,2
BRDA:166,16,0,1
BRDA:166,16,1,1
BRDA:179,17,0,2
BRDA:179,17,1,4
BRDA:181,18,0,1
BRDA:181,18,1,1
BRDA:187,19,0,2
BRDA:187,19,1,2
BRDA:189,20,0,1
BRDA:189,20,1,1
BRDA:197,21,0,2
BRDA:197,21,1,0
BRDA:199,22,0,1
BRDA:199,22,1,1
BRF:46
BRH:43
end_of_record
TN:
SF:C:\Users\Admin\Pavithra\Example\models\joi.js
FNF:0
FNH:0
DA:1,1
DA:2,1
DA:15,1
DA:27,1
DA:39,1
DA:52,1
LF:6
LH:6
BRF:0
BRH:0
end_of_record
TN:
SF:C:\Users\Admin\Pavithra\Example\models\model.js
FNF:0
FNH:0
DA:1,1
DA:4,1
DA:18,1
DA:19,1
LF:4
LH:4
BRF:0
BRH:0
end_of_record
TN:
SF:C:\Users\Admin\Pavithra\Example\routes\router.js
FNF:0
FNH:0
DA:1,1
DA:3,1
DA:4,1
DA:5,1
DA:7,1
DA:9,1
DA:11,1
DA:13,1
DA:15,1
DA:17,1
DA:19,1
LF:11
LH:11
BRF:0
BRH:0
end_of_record
